<?xml version="1.0" encoding="UTF-8"?>
<!-- Generated by org.testng.reporters.JUnitReportReporter -->
<testsuite hostname="MSI2" failures="0" tests="2" name="TestNG.ex5_TestNGKeywords1_invocationCount" time="0.017" errors="0" timestamp="2024-11-12T15:03:57 IST" skipped="0">
  <testcase classname="TestNG.ex5_TestNGKeywords1_invocationCount" name="verifylogo1" time="0.016"/>
  <system-out>
    <![CDATA[---running verify logo1 TC--]]>
  </system-out>
  <testcase classname="TestNG.ex5_TestNGKeywords1_invocationCount" name="verifylogo1" time="0.001"/>
  <system-out>
    <![CDATA[---running verify logo1 TC--]]>
  </system-out>
</testsuite> <!-- TestNG.ex5_TestNGKeywords1_invocationCount -->
