<?xml version="1.0" encoding="UTF-8"?>
<!-- Generated by org.testng.reporters.JUnitReportReporter -->
<testsuite hostname="MSI2" failures="0" tests="3" name="TestNG.ex12_MultibrowserTesting" time="44.820" errors="0" timestamp="2024-11-19T12:57:17 IST" skipped="0">
  <testcase classname="TestNG.ex12_MultibrowserTesting" name="verifyLoginTC" time="13.430"/>
  <system-out/>
  <testcase classname="TestNG.ex12_MultibrowserTesting" name="verifyLoginTC" time="16.398"/>
  <system-out/>
  <testcase classname="TestNG.ex12_MultibrowserTesting" name="verifyLoginTC" time="14.992"/>
  <system-out/>
</testsuite> <!-- TestNG.ex12_MultibrowserTesting -->
