<?xml version="1.0" encoding="UTF-8"?>
<!-- Generated by org.testng.reporters.JUnitReportReporter -->
<testsuite hostname="MSI2" failures="0" tests="2" name="TestNG.ex5_TestNGKeywords5_dependsOnMethod1" time="0.018" errors="0" timestamp="2024-11-13T13:18:45 IST" skipped="0">
  <testcase classname="TestNG.ex5_TestNGKeywords5_dependsOnMethod1" name="logout" time="0.002"/>
  <system-out>
    <![CDATA[---running logout TC--]]>
  </system-out>
  <testcase classname="TestNG.ex5_TestNGKeywords5_dependsOnMethod1" name="login" time="0.016"/>
  <system-out>
    <![CDATA[--running login TC---]]>
  </system-out>
</testsuite> <!-- TestNG.ex5_TestNGKeywords5_dependsOnMethod1 -->
