<?xml version="1.0" encoding="UTF-8"?>
<!-- Generated by org.testng.reporters.JUnitReportReporter -->
<testsuite hostname="MSI2" failures="0" tests="3" name="TestNG.ex6_Sample1" time="0.027" errors="0" timestamp="2024-11-18T13:10:10 IST" skipped="0">
  <testcase classname="TestNG.ex6_Sample1" name="TC1" time="0.022"/>
  <system-out>
    <![CDATA[--running TC1--]]>
  </system-out>
  <testcase classname="TestNG.ex6_Sample1" name="TC2" time="0.002"/>
  <system-out>
    <![CDATA[--running TC2--]]>
  </system-out>
  <testcase classname="TestNG.ex6_Sample1" name="TC3" time="0.003"/>
  <system-out>
    <![CDATA[--running TC3--]]>
  </system-out>
</testsuite> <!-- TestNG.ex6_Sample1 -->
