<?xml version="1.0" encoding="UTF-8"?>
<!-- Generated by org.testng.reporters.JUnitReportReporter -->
<testsuite hostname="MSI2" failures="0" tests="4" name="TestNG.ex10_grouping2" time="0.005" errors="0" timestamp="2024-11-18T15:08:34 IST" skipped="0">
  <testcase classname="TestNG.ex10_grouping2" name="TC7" time="0.002"/>
  <system-out>
    <![CDATA[--running TC7]]>
  </system-out>
  <testcase classname="TestNG.ex10_grouping2" name="TC6" time="0.001"/>
  <system-out>
    <![CDATA[--runnning TC6--]]>
  </system-out>
  <testcase classname="TestNG.ex10_grouping2" name="TC8" time="0.001"/>
  <system-out>
    <![CDATA[--running TC8--]]>
  </system-out>
  <testcase classname="TestNG.ex10_grouping2" name="TC9" time="0.001"/>
  <system-out>
    <![CDATA[--running TC9--]]>
  </system-out>
</testsuite> <!-- TestNG.ex10_grouping2 -->
