<?xml version="1.0" encoding="UTF-8"?>
<!-- Generated by org.testng.reporters.JUnitReportReporter -->
<testsuite hostname="MSI2" failures="0" tests="1" name="TestNG.ex2_TestNGTestClass" time="7.490" errors="0" timestamp="2024-11-08T17:18:00 IST" skipped="0">
  <testcase classname="TestNG.ex2_TestNGTestClass" name="TC1" time="7.490"/>
  <system-out/>
</testsuite> <!-- TestNG.ex2_TestNGTestClass -->
