<?xml version="1.0" encoding="UTF-8"?>
<!-- Generated by org.testng.reporters.JUnitReportReporter -->
<testsuite hostname="MSI2" failures="0" tests="2" name="TestNG.ex8_Sample1" time="0.025" errors="0" timestamp="2024-11-18T13:28:49 IST" skipped="0">
  <testcase classname="TestNG.ex8_Sample1" name="TC3" time="0.002"/>
  <system-out>
    <![CDATA[--running TC3--]]>
  </system-out>
  <testcase classname="TestNG.ex8_Sample1" name="TC1" time="0.023"/>
  <system-out>
    <![CDATA[--running TC1--]]>
  </system-out>
</testsuite> <!-- TestNG.ex8_Sample1 -->
