<?xml version="1.0" encoding="UTF-8"?>
<!-- Generated by org.testng.reporters.JUnitReportReporter -->
<testsuite hostname="MSI2" failures="0" tests="3" name="TestNG.ex9_Sample1" time="0.027" errors="0" timestamp="2024-11-18T13:54:23 IST" skipped="0">
  <testcase classname="TestNG.ex9_Sample1" name="TC3" time="0.001"/>
  <system-out>
    <![CDATA[--running TC3--]]>
  </system-out>
  <testcase classname="TestNG.ex9_Sample1" name="TC2" time="0.003"/>
  <system-out>
    <![CDATA[--running TC2--]]>
  </system-out>
  <testcase classname="TestNG.ex9_Sample1" name="TC1" time="0.023"/>
  <system-out>
    <![CDATA[---running TC1--]]>
  </system-out>
</testsuite> <!-- TestNG.ex9_Sample1 -->
