<?xml version="1.0" encoding="UTF-8"?>
<!-- Generated by org.testng.reporters.JUnitReportReporter -->
<testsuite hostname="MSI2" failures="0" tests="1" name="POM_DDF_TestNG_BaseClass_UtilityClass.SwagLabLoginTest" time="7.061" errors="0" timestamp="2024-11-19T16:37:27 IST" skipped="0">
  <testcase classname="POM_DDF_TestNG_BaseClass_UtilityClass.SwagLabLoginTest" name="verifyLogo" time="7.061"/>
  <system-out/>
</testsuite> <!-- POM_DDF_TestNG_BaseClass_UtilityClass.SwagLabLoginTest -->
