<?xml version="1.0" encoding="UTF-8"?>
<!-- Generated by org.testng.reporters.JUnitReportReporter -->
<testsuite hostname="MSI2" failures="0" tests="1" name="POM_DDF_TestNG.SwagLabLoginTest" time="6.584" errors="0" timestamp="2024-11-19T14:33:12 IST" skipped="0">
  <testcase classname="POM_DDF_TestNG.SwagLabLoginTest" name="verifyLogo" time="6.584"/>
  <system-out/>
</testsuite> <!-- POM_DDF_TestNG.SwagLabLoginTest -->
