<?xml version="1.0" encoding="UTF-8"?>
<!-- Generated by org.testng.reporters.JUnitReportReporter -->
<testsuite hostname="MSI2" failures="0" tests="3" name="TestNG.ex5_TestNGKeywords2_enable" time="0.021" errors="0" timestamp="2024-11-13T12:19:40 IST" skipped="1">
  <testcase classname="TestNG.ex5_TestNGKeywords2_enable" name="TC1" time="0.018"/>
  <system-out>
    <![CDATA[--running TC1--]]>
  </system-out>
  <testcase classname="TestNG.ex5_TestNGKeywords2_enable" name="TC3" time="0.003"/>
  <system-out>
    <![CDATA[--rinning TC3--]]>
  </system-out>
  <testcase classname="TestNG.ex5_TestNGKeywords2_enable" name="TC2">
    <skipped/>
  </testcase> <!-- TC2 -->
  <system-out/>
</testsuite> <!-- TestNG.ex5_TestNGKeywords2_enable -->
