<?xml version="1.0" encoding="UTF-8"?>
<!-- Generated by org.testng.reporters.JUnitReportReporter -->
<testsuite hostname="MSI2" failures="0" tests="1" name="POM_DDF_TestNG_BaseClass_UtilityClass_SSOfOnlyFailedTCes_PropertyFile.SwagLabLoginTest" time="6.726" errors="0" timestamp="2024-11-20T18:54:39 IST" skipped="0">
  <testcase classname="POM_DDF_TestNG_BaseClass_UtilityClass_SSOfOnlyFailedTCes_PropertyFile.SwagLabLoginTest" name="verifyLogo" time="6.726"/>
  <system-out/>
</testsuite> <!-- POM_DDF_TestNG_BaseClass_UtilityClass_SSOfOnlyFailedTCes_PropertyFile.SwagLabLoginTest -->
