<?xml version="1.0" encoding="UTF-8"?>
<!-- Generated by org.testng.reporters.JUnitReportReporter -->
<testsuite hostname="MSI2" failures="0" tests="3" name="TestNG.ex8_DisableTCExecution1_from_TestClass" time="0.017" errors="0" timestamp="2024-11-14T14:29:33 IST" skipped="1">
  <testcase classname="TestNG.ex8_DisableTCExecution1_from_TestClass" name="TC1" time="0.015"/>
  <system-out>
    <![CDATA[--running TC1 --]]>
  </system-out>
  <testcase classname="TestNG.ex8_DisableTCExecution1_from_TestClass" name="TC3" time="0.002"/>
  <system-out>
    <![CDATA[--running TC3--]]>
  </system-out>
  <testcase classname="TestNG.ex8_DisableTCExecution1_from_TestClass" name="TC2">
    <skipped/>
  </testcase> <!-- TC2 -->
  <system-out/>
</testsuite> <!-- TestNG.ex8_DisableTCExecution1_from_TestClass -->
